[handleMsg]:  {
  id: 'false_573003567345@c.us_D52B4515BF4965A3A6897DE4BF4B7DA7',
  body: 'Tuto',
  type: 'chat',
  t: 1685318961,
  notifyName: 'Nubia Saldarriaga',
  from: '573003567345@c.us',
  to: '573003627944@c.us',
  self: 'in',
  ack: 1,
  isNewMsg: true,
  star: false,
  kicNotified: false,
  recvFresh: true,
  isFromTemplate: false,
  pollInvalidated: false,
  isSentCagPollCreation: false,
  latestEditMsgKey: null,
  latestEditSenderTimestampMs: null,
  broadcast: false,
  mentionedJidList: [],
  groupMentions: [],
  isVcardOverMmsDocument: false,
  isForwarded: false,
  hasReaction: false,
  productHeaderImageRejected: false,
  lastPlaybackProgress: 0,
  isDynamicReplyButtonsMsg: false,
  isMdHistoryMsg: false,
  stickerSentTs: 0,
  isAvatar: false,
  requiresDirectConnection: false,
  pttForwardedFeaturesEnabled: true,
  chatId: '573003567345@c.us',
  fromMe: false,
  sender: {
    id: '573003567345@c.us',
    name: 'Pa Tigo',
    shortName: 'Pa',
    pushname: 'Nubia Saldarriaga',
    type: 'in',
    isContactSyncCompleted: 0,
    formattedName: 'Pa Tigo',
    isMe: false,
    isMyContact: true,
    isPSA: false,
    isUser: true,
    isWAContact: true,
    profilePicThumbObj: {
      eurl: 'https://pps.whatsapp.net/v/t61.24694-24/158300019_300786355042854_2410918519549877569_n.jpg?ccb=11-4&oh=01_AdSWr7oe7iqETfa-cYZ3BuQD8IoERrHa2bWdPAwEpZj_rA&oe=64811B40',
      id: '573003567345@c.us',
      img: 'https://pps.whatsapp.net/v/t61.24694-24/158300019_300786355042854_2410918519549877569_n.jpg?stp=dst-jpg_s96x96&ccb=11-4&oh=01_AdRi28qsJ3RQUR2gQulBMpkRXXAUrWAvSvTK-8Owajg4Kw&oe=64811B40',
      imgFull: 'https://pps.whatsapp.net/v/t61.24694-24/158300019_300786355042854_2410918519549877569_n.jpg?ccb=11-4&oh=01_AdSWr7oe7iqETfa-cYZ3BuQD8IoERrHa2bWdPAwEpZj_rA&oe=64811B40',
      tag: '1622410690'
    },
    msgs: null
  },
  timestamp: 1685318961,
  content: 'Tuto',
  isGroupMsg: false,
  isMedia: false,
  isNotification: false,
  isPSA: false,
  mediaData: {}
}
[handleMsg]:  {
  id: 'false_573003567345@c.us_F25BA5CDF4F42000A31CF3B6442B2704',
  body: 'Hola',
  type: 'chat',
  t: 1685318984,
  notifyName: 'Nubia Saldarriaga',
  from: '573003567345@c.us',
  to: '573003627944@c.us',
  self: 'in',
  ack: 1,
  isNewMsg: true,
  star: false,
  kicNotified: false,
  recvFresh: true,
  isFromTemplate: false,
  pollInvalidated: false,
  isSentCagPollCreation: false,
  latestEditMsgKey: null,
  latestEditSenderTimestampMs: null,
  broadcast: false,
  mentionedJidList: [],
  groupMentions: [],
  isVcardOverMmsDocument: false,
  isForwarded: false,
  hasReaction: false,
  productHeaderImageRejected: false,
  lastPlaybackProgress: 0,
  isDynamicReplyButtonsMsg: false,
  isMdHistoryMsg: false,
  stickerSentTs: 0,
  isAvatar: false,
  requiresDirectConnection: false,
  pttForwardedFeaturesEnabled: true,
  chatId: '573003567345@c.us',
  fromMe: false,
  sender: {
    id: '573003567345@c.us',
    name: 'Pa Tigo',
    shortName: 'Pa',
    pushname: 'Nubia Saldarriaga',
    type: 'in',
    isBusiness: false,
    isEnterprise: false,
    isSmb: false,
    isContactSyncCompleted: 0,
    formattedName: 'Pa Tigo',
    isMe: false,
    isMyContact: true,
    isPSA: false,
    isUser: true,
    isWAContact: true,
    profilePicThumbObj: {
      eurl: 'https://pps.whatsapp.net/v/t61.24694-24/158300019_300786355042854_2410918519549877569_n.jpg?ccb=11-4&oh=01_AdSWr7oe7iqETfa-cYZ3BuQD8IoERrHa2bWdPAwEpZj_rA&oe=64811B40',
      id: '573003567345@c.us',
      img: 'https://pps.whatsapp.net/v/t61.24694-24/158300019_300786355042854_2410918519549877569_n.jpg?stp=dst-jpg_s96x96&ccb=11-4&oh=01_AdRi28qsJ3RQUR2gQulBMpkRXXAUrWAvSvTK-8Owajg4Kw&oe=64811B40',
      imgFull: 'https://pps.whatsapp.net/v/t61.24694-24/158300019_300786355042854_2410918519549877569_n.jpg?ccb=11-4&oh=01_AdSWr7oe7iqETfa-cYZ3BuQD8IoERrHa2bWdPAwEpZj_rA&oe=64811B40',
      tag: '1622410690'
    },
    msgs: null
  },
  timestamp: 1685318984,
  content: 'Hola',
  isGroupMsg: false,
  isMedia: false,
  isNotification: false,
  isPSA: false,
  mediaData: {}
}
[handleMsg]:  {
  id: 'false_573003567345@c.us_EDAC1770A4E6635184B4F96FE1A52903',
  body: 'Doc',
  type: 'chat',
  t: 1685318994,
  notifyName: 'Nubia Saldarriaga',
  from: '573003567345@c.us',
  to: '573003627944@c.us',
  self: 'in',
  ack: 1,
  isNewMsg: true,
  star: false,
  kicNotified: false,
  recvFresh: true,
  isFromTemplate: false,
  pollInvalidated: false,
  isSentCagPollCreation: false,
  latestEditMsgKey: null,
  latestEditSenderTimestampMs: null,
  broadcast: false,
  mentionedJidList: [],
  groupMentions: [],
  isVcardOverMmsDocument: false,
  isForwarded: false,
  hasReaction: false,
  productHeaderImageRejected: false,
  lastPlaybackProgress: 0,
  isDynamicReplyButtonsMsg: false,
  isMdHistoryMsg: false,
  stickerSentTs: 0,
  isAvatar: false,
  requiresDirectConnection: false,
  pttForwardedFeaturesEnabled: true,
  chatId: '573003567345@c.us',
  fromMe: false,
  sender: {
    id: '573003567345@c.us',
    name: 'Pa Tigo',
    shortName: 'Pa',
    pushname: 'Nubia Saldarriaga',
    type: 'in',
    isBusiness: false,
    isEnterprise: false,
    isSmb: false,
    isContactSyncCompleted: 0,
    formattedName: 'Pa Tigo',
    isMe: false,
    isMyContact: true,
    isPSA: false,
    isUser: true,
    isWAContact: true,
    profilePicThumbObj: {
      eurl: 'https://pps.whatsapp.net/v/t61.24694-24/158300019_300786355042854_2410918519549877569_n.jpg?ccb=11-4&oh=01_AdSWr7oe7iqETfa-cYZ3BuQD8IoERrHa2bWdPAwEpZj_rA&oe=64811B40',
      id: '573003567345@c.us',
      img: 'https://pps.whatsapp.net/v/t61.24694-24/158300019_300786355042854_2410918519549877569_n.jpg?stp=dst-jpg_s96x96&ccb=11-4&oh=01_AdRi28qsJ3RQUR2gQulBMpkRXXAUrWAvSvTK-8Owajg4Kw&oe=64811B40',
      imgFull: 'https://pps.whatsapp.net/v/t61.24694-24/158300019_300786355042854_2410918519549877569_n.jpg?ccb=11-4&oh=01_AdSWr7oe7iqETfa-cYZ3BuQD8IoERrHa2bWdPAwEpZj_rA&oe=64811B40',
      tag: '1622410690'
    },
    msgs: null
  },
  timestamp: 1685318994,
  content: 'Doc',
  isGroupMsg: false,
  isMedia: false,
  isNotification: false,
  isPSA: false,
  mediaData: {}
}
