[0528/190811.777:INFO:CONSOLE(1)] "Uncaught ReferenceError: start is not defined", source: file:///C:/Program%20Files/Google/Chrome/Application/113.0.5672.127/ (1)
[0528/190811.777:INFO:CONSOLE(2)] "Uncaught ReferenceError: onHasParentDirectory is not defined", source: file:///C:/Program%20Files/Google/Chrome/Application/113.0.5672.127/ (2)
[0528/190811.777:INFO:CONSOLE(3)] "Uncaught ReferenceError: addRow is not defined", source: file:///C:/Program%20Files/Google/Chrome/Application/113.0.5672.127/ (3)
[0528/190811.777:INFO:CONSOLE(4)] "Uncaught ReferenceError: addRow is not defined", source: file:///C:/Program%20Files/Google/Chrome/Application/113.0.5672.127/ (4)
[0528/190811.780:INFO:CONSOLE(5)] "Uncaught ReferenceError: addRow is not defined", source: file:///C:/Program%20Files/Google/Chrome/Application/113.0.5672.127/ (5)
[0528/190811.781:INFO:CONSOLE(6)] "Uncaught ReferenceError: addRow is not defined", source: file:///C:/Program%20Files/Google/Chrome/Application/113.0.5672.127/ (6)
[0528/190811.781:INFO:CONSOLE(7)] "Uncaught ReferenceError: addRow is not defined", source: file:///C:/Program%20Files/Google/Chrome/Application/113.0.5672.127/ (7)
[0528/190811.781:INFO:CONSOLE(8)] "Uncaught ReferenceError: addRow is not defined", source: file:///C:/Program%20Files/Google/Chrome/Application/113.0.5672.127/ (8)
[0528/190811.781:INFO:CONSOLE(9)] "Uncaught ReferenceError: addRow is not defined", source: file:///C:/Program%20Files/Google/Chrome/Application/113.0.5672.127/ (9)
[0528/190811.781:INFO:CONSOLE(10)] "Uncaught ReferenceError: addRow is not defined", source: file:///C:/Program%20Files/Google/Chrome/Application/113.0.5672.127/ (10)
[0528/190811.781:INFO:CONSOLE(11)] "Uncaught ReferenceError: addRow is not defined", source: file:///C:/Program%20Files/Google/Chrome/Application/113.0.5672.127/ (11)
[0528/190811.781:INFO:CONSOLE(12)] "Uncaught ReferenceError: addRow is not defined", source: file:///C:/Program%20Files/Google/Chrome/Application/113.0.5672.127/ (12)
[0528/190811.781:INFO:CONSOLE(13)] "Uncaught ReferenceError: addRow is not defined", source: file:///C:/Program%20Files/Google/Chrome/Application/113.0.5672.127/ (13)
[0528/190811.781:INFO:CONSOLE(14)] "Uncaught ReferenceError: addRow is not defined", source: file:///C:/Program%20Files/Google/Chrome/Application/113.0.5672.127/ (14)
[0528/190811.781:INFO:CONSOLE(15)] "Uncaught ReferenceError: addRow is not defined", source: file:///C:/Program%20Files/Google/Chrome/Application/113.0.5672.127/ (15)
[0528/190811.781:INFO:CONSOLE(16)] "Uncaught ReferenceError: addRow is not defined", source: file:///C:/Program%20Files/Google/Chrome/Application/113.0.5672.127/ (16)
[0528/190811.781:INFO:CONSOLE(17)] "Uncaught ReferenceError: addRow is not defined", source: file:///C:/Program%20Files/Google/Chrome/Application/113.0.5672.127/ (17)
[0528/190811.781:INFO:CONSOLE(18)] "Uncaught ReferenceError: addRow is not defined", source: file:///C:/Program%20Files/Google/Chrome/Application/113.0.5672.127/ (18)
[0528/190811.781:INFO:CONSOLE(19)] "Uncaught ReferenceError: addRow is not defined", source: file:///C:/Program%20Files/Google/Chrome/Application/113.0.5672.127/ (19)
[0528/190811.781:INFO:CONSOLE(20)] "Uncaught ReferenceError: addRow is not defined", source: file:///C:/Program%20Files/Google/Chrome/Application/113.0.5672.127/ (20)
[0528/190811.781:INFO:CONSOLE(21)] "Uncaught ReferenceError: addRow is not defined", source: file:///C:/Program%20Files/Google/Chrome/Application/113.0.5672.127/ (21)
[0528/190811.781:INFO:CONSOLE(22)] "Uncaught ReferenceError: addRow is not defined", source: file:///C:/Program%20Files/Google/Chrome/Application/113.0.5672.127/ (22)
[0528/190811.781:INFO:CONSOLE(23)] "Uncaught ReferenceError: addRow is not defined", source: file:///C:/Program%20Files/Google/Chrome/Application/113.0.5672.127/ (23)
[0528/190811.781:INFO:CONSOLE(24)] "Uncaught ReferenceError: addRow is not defined", source: file:///C:/Program%20Files/Google/Chrome/Application/113.0.5672.127/ (24)
[0528/190811.781:INFO:CONSOLE(25)] "Uncaught ReferenceError: addRow is not defined", source: file:///C:/Program%20Files/Google/Chrome/Application/113.0.5672.127/ (25)
[0528/190811.781:INFO:CONSOLE(26)] "Uncaught ReferenceError: addRow is not defined", source: file:///C:/Program%20Files/Google/Chrome/Application/113.0.5672.127/ (26)
[0528/190811.781:INFO:CONSOLE(27)] "Uncaught ReferenceError: addRow is not defined", source: file:///C:/Program%20Files/Google/Chrome/Application/113.0.5672.127/ (27)
[0528/190811.781:INFO:CONSOLE(28)] "Uncaught ReferenceError: addRow is not defined", source: file:///C:/Program%20Files/Google/Chrome/Application/113.0.5672.127/ (28)
[0528/190811.781:INFO:CONSOLE(29)] "Uncaught ReferenceError: addRow is not defined", source: file:///C:/Program%20Files/Google/Chrome/Application/113.0.5672.127/ (29)
[0528/190811.781:INFO:CONSOLE(30)] "Uncaught ReferenceError: addRow is not defined", source: file:///C:/Program%20Files/Google/Chrome/Application/113.0.5672.127/ (30)
[0528/190811.781:INFO:CONSOLE(31)] "Uncaught ReferenceError: addRow is not defined", source: file:///C:/Program%20Files/Google/Chrome/Application/113.0.5672.127/ (31)
[0528/190811.781:INFO:CONSOLE(32)] "Uncaught ReferenceError: addRow is not defined", source: file:///C:/Program%20Files/Google/Chrome/Application/113.0.5672.127/ (32)
[0528/190811.782:INFO:CONSOLE(33)] "Uncaught ReferenceError: addRow is not defined", source: file:///C:/Program%20Files/Google/Chrome/Application/113.0.5672.127/ (33)
[0528/190811.782:INFO:CONSOLE(34)] "Uncaught ReferenceError: addRow is not defined", source: file:///C:/Program%20Files/Google/Chrome/Application/113.0.5672.127/ (34)
[0528/190813.373:INFO:CONSOLE(7)] "Another connection wants to delete database 'wawc'. Closing db now to resume the delete request.", source: https://web.whatsapp.com/vendor1~app.0c8e960e5dfd7020f562.js (7)
[0528/190815.229:INFO:CONSOLE(1)] "Store Object 'Identity' was not found", source: C:\Users\CHECHO\Documents\proyectos\chatbot\chechobot\node_modules\@wppconnect-team\wppconnect\dist\lib\wapi\wapi.js (1)
[0528/190815.230:INFO:CONSOLE(1)] "Store Object 'MediaUpload' was not found", source: C:\Users\CHECHO\Documents\proyectos\chatbot\chechobot\node_modules\@wppconnect-team\wppconnect\dist\lib\wapi\wapi.js (1)
[0528/190815.230:INFO:CONSOLE(1)] "Store Object 'sendSetGroupSubject' was not found", source: C:\Users\CHECHO\Documents\proyectos\chatbot\chechobot\node_modules\@wppconnect-team\wppconnect\dist\lib\wapi\wapi.js (1)
[0528/190815.230:INFO:CONSOLE(1)] "Store Object 'sendSetGroupProperty' was not found", source: C:\Users\CHECHO\Documents\proyectos\chatbot\chechobot\node_modules\@wppconnect-team\wppconnect\dist\lib\wapi\wapi.js (1)
[0528/190815.230:INFO:CONSOLE(1)] "Store Object 'sendSetGroupDescription' was not found", source: C:\Users\CHECHO\Documents\proyectos\chatbot\chechobot\node_modules\@wppconnect-team\wppconnect\dist\lib\wapi\wapi.js (1)
[0528/190815.230:INFO:CONSOLE(5)] "[object Event]", source: https://web.whatsapp.com/app.9e31a8725d9f2a90915f.js (5)
[0528/190815.231:INFO:CONSOLE(5)] "[object Event]", source: https://web.whatsapp.com/app.9e31a8725d9f2a90915f.js (5)
[0528/190815.231:INFO:CONSOLE(5)] "[object Event]", source: https://web.whatsapp.com/app.9e31a8725d9f2a90915f.js (5)
[0528/190815.231:INFO:CONSOLE(5)] "[object Event]", source: https://web.whatsapp.com/app.9e31a8725d9f2a90915f.js (5)
[0528/190815.231:INFO:CONSOLE(5)] "[object Event]", source: https://web.whatsapp.com/app.9e31a8725d9f2a90915f.js (5)
[0528/191024.178:INFO:CONSOLE(1)] "Another connection wants to delete database 'wawc_db_enc'. Closing db now to resume the delete request.", source: https://web.whatsapp.com/WAWebWorker.5d7b6f3634bfc388fc0d.worker.js (1)
[0528/191024.178:INFO:CONSOLE(7)] "Another connection wants to delete database 'wawc_db_enc'. Closing db now to resume the delete request.", source: https://web.whatsapp.com/vendor1~app.0c8e960e5dfd7020f562.js (7)
[0528/191024.222:INFO:CONSOLE(1)] "Another connection wants to delete database 'model-storage'. Closing db now to resume the delete request.", source: https://web.whatsapp.com/WAWebWorker.5d7b6f3634bfc388fc0d.worker.js (1)
[0528/191024.229:INFO:CONSOLE(1)] "Another connection wants to delete database 'fts-storage'. Closing db now to resume the delete request.", source: https://web.whatsapp.com/WAWebWorker.5d7b6f3634bfc388fc0d.worker.js (1)
[0528/191024.399:INFO:CONSOLE(7)] "Another connection wants to delete database 'wawc'. Closing db now to resume the delete request.", source: https://web.whatsapp.com/vendor1~app.0c8e960e5dfd7020f562.js (7)
[0528/191027.690:INFO:CONSOLE(1)] "Store Object 'Identity' was not found", source: C:\Users\CHECHO\Documents\proyectos\chatbot\chechobot\node_modules\@wppconnect-team\wppconnect\dist\lib\wapi\wapi.js (1)
[0528/191027.690:INFO:CONSOLE(1)] "Store Object 'MediaUpload' was not found", source: C:\Users\CHECHO\Documents\proyectos\chatbot\chechobot\node_modules\@wppconnect-team\wppconnect\dist\lib\wapi\wapi.js (1)
[0528/191027.690:INFO:CONSOLE(1)] "Store Object 'sendSetGroupSubject' was not found", source: C:\Users\CHECHO\Documents\proyectos\chatbot\chechobot\node_modules\@wppconnect-team\wppconnect\dist\lib\wapi\wapi.js (1)
[0528/191027.690:INFO:CONSOLE(1)] "Store Object 'sendSetGroupProperty' was not found", source: C:\Users\CHECHO\Documents\proyectos\chatbot\chechobot\node_modules\@wppconnect-team\wppconnect\dist\lib\wapi\wapi.js (1)
[0528/191027.690:INFO:CONSOLE(1)] "Store Object 'sendSetGroupDescription' was not found", source: C:\Users\CHECHO\Documents\proyectos\chatbot\chechobot\node_modules\@wppconnect-team\wppconnect\dist\lib\wapi\wapi.js (1)
[0528/191027.690:INFO:CONSOLE(5)] "[object Event]", source: https://web.whatsapp.com/app.9e31a8725d9f2a90915f.js (5)
[0528/191027.691:INFO:CONSOLE(5)] "[object Event]", source: https://web.whatsapp.com/app.9e31a8725d9f2a90915f.js (5)
[0528/191027.691:INFO:CONSOLE(5)] "[object Event]", source: https://web.whatsapp.com/app.9e31a8725d9f2a90915f.js (5)
[0528/191027.691:INFO:CONSOLE(5)] "[object Event]", source: https://web.whatsapp.com/app.9e31a8725d9f2a90915f.js (5)
[0528/191027.691:INFO:CONSOLE(5)] "[object Event]", source: https://web.whatsapp.com/app.9e31a8725d9f2a90915f.js (5)
[0528/191028.168:INFO:CONSOLE(7)] "Another connection wants to delete database 'wawc'. Closing db now to resume the delete request.", source: https://web.whatsapp.com/vendor1~app.0c8e960e5dfd7020f562.js (7)
[0528/191029.657:INFO:CONSOLE(1)] "Store Object 'Identity' was not found", source: C:\Users\CHECHO\Documents\proyectos\chatbot\chechobot\node_modules\@wppconnect-team\wppconnect\dist\lib\wapi\wapi.js (1)
[0528/191029.657:INFO:CONSOLE(1)] "Store Object 'MediaUpload' was not found", source: C:\Users\CHECHO\Documents\proyectos\chatbot\chechobot\node_modules\@wppconnect-team\wppconnect\dist\lib\wapi\wapi.js (1)
[0528/191029.658:INFO:CONSOLE(1)] "Store Object 'sendSetGroupSubject' was not found", source: C:\Users\CHECHO\Documents\proyectos\chatbot\chechobot\node_modules\@wppconnect-team\wppconnect\dist\lib\wapi\wapi.js (1)
[0528/191029.658:INFO:CONSOLE(1)] "Store Object 'sendSetGroupProperty' was not found", source: C:\Users\CHECHO\Documents\proyectos\chatbot\chechobot\node_modules\@wppconnect-team\wppconnect\dist\lib\wapi\wapi.js (1)
[0528/191029.658:INFO:CONSOLE(1)] "Store Object 'sendSetGroupDescription' was not found", source: C:\Users\CHECHO\Documents\proyectos\chatbot\chechobot\node_modules\@wppconnect-team\wppconnect\dist\lib\wapi\wapi.js (1)
[0528/191029.658:INFO:CONSOLE(5)] "[object Event]", source: https://web.whatsapp.com/app.9e31a8725d9f2a90915f.js (5)
[0528/191029.659:INFO:CONSOLE(5)] "[object Event]", source: https://web.whatsapp.com/app.9e31a8725d9f2a90915f.js (5)
[0528/191029.659:INFO:CONSOLE(5)] "[object Event]", source: https://web.whatsapp.com/app.9e31a8725d9f2a90915f.js (5)
[0528/191029.660:INFO:CONSOLE(5)] "[object Event]", source: https://web.whatsapp.com/app.9e31a8725d9f2a90915f.js (5)
[0528/191029.661:INFO:CONSOLE(5)] "[object Event]", source: https://web.whatsapp.com/app.9e31a8725d9f2a90915f.js (5)
